2024-07-15 09:27:29,101 - __cloud_api_connector__:INFO - GET request successful
2024-07-15 09:27:29,102 - __cloud_api_connector__:DEBUG - {'candidates': [], 'error_message': 'The provided API key is expired.', 'status': 'REQUEST_DENIED'}
2024-07-15 09:27:29,102 - __cloud_api_connector__:DEBUG - Places API call successful: {'candidates': [], 'error_message': 'The provided API key is expired.', 'status': 'REQUEST_DENIED'}
2024-07-15 09:28:39,837 - __cloud_api_connector__:INFO - GET request successful
2024-07-15 09:28:39,837 - __cloud_api_connector__:DEBUG - {'candidates': [], 'error_message': 'API keys with referer restrictions cannot be used with this API.', 'status': 'REQUEST_DENIED'}
2024-07-15 09:28:39,838 - __cloud_api_connector__:DEBUG - Places API call successful: {'candidates': [], 'error_message': 'API keys with referer restrictions cannot be used with this API.', 'status': 'REQUEST_DENIED'}
2024-07-15 09:29:40,502 - __cloud_api_connector__:INFO - GET request successful
2024-07-15 09:29:40,502 - __cloud_api_connector__:DEBUG - {'candidates': [], 'error_message': 'API keys with referer restrictions cannot be used with this API.', 'status': 'REQUEST_DENIED'}
2024-07-15 09:29:40,502 - __cloud_api_connector__:DEBUG - Places API call successful: {'candidates': [], 'error_message': 'API keys with referer restrictions cannot be used with this API.', 'status': 'REQUEST_DENIED'}
2024-07-15 09:34:43,305 - __cloud_api_connector__:INFO - GET request successful
2024-07-15 09:34:43,305 - __cloud_api_connector__:DEBUG - {'candidates': [], 'error_message': 'API keys with referer restrictions cannot be used with this API.', 'status': 'REQUEST_DENIED'}
2024-07-15 09:34:43,306 - __cloud_api_connector__:DEBUG - Places API call successful: {'candidates': [], 'error_message': 'API keys with referer restrictions cannot be used with this API.', 'status': 'REQUEST_DENIED'}
2024-07-15 09:38:20,040 - __cloud_api_connector__:INFO - GET request successful
2024-07-15 09:38:20,040 - __cloud_api_connector__:DEBUG - {'candidates': [], 'error_message': 'API keys with referer restrictions cannot be used with this API.', 'status': 'REQUEST_DENIED'}
2024-07-15 09:38:20,041 - __cloud_api_connector__:DEBUG - Places API call successful: {'candidates': [], 'error_message': 'API keys with referer restrictions cannot be used with this API.', 'status': 'REQUEST_DENIED'}
2024-07-15 09:39:21,668 - __cloud_api_connector__:INFO - GET request successful
2024-07-15 09:39:21,668 - __cloud_api_connector__:DEBUG - {'candidates': [{'formatted_address': '70 Onslow Gardens, London N10 3JX, UK', 'geometry': {'location': {'lat': 51.5843602, 'lng': -0.142399}, 'viewport': {'northeast': {'lat': 51.58562652989272, 'lng': -0.1410450701072778}, 'southwest': {'lat': 51.58292687010728, 'lng': -0.1437447298927222}}}, 'name': '70 Onslow Gardens', 'place_id': 'ChIJZ5fKRjMadkgRwv2LGj2j4lY'}], 'status': 'OK'}
2024-07-15 09:39:21,668 - __cloud_api_connector__:DEBUG - Places API call successful: {'candidates': [{'formatted_address': '70 Onslow Gardens, London N10 3JX, UK', 'geometry': {'location': {'lat': 51.5843602, 'lng': -0.142399}, 'viewport': {'northeast': {'lat': 51.58562652989272, 'lng': -0.1410450701072778}, 'southwest': {'lat': 51.58292687010728, 'lng': -0.1437447298927222}}}, 'name': '70 Onslow Gardens', 'place_id': 'ChIJZ5fKRjMadkgRwv2LGj2j4lY'}], 'status': 'OK'}
2024-07-15 09:39:22,249 - __cloud_api_connector__:INFO - GET request successful
2024-07-15 09:39:22,249 - __cloud_api_connector__:DEBUG - {'candidates': [{'formatted_address': '70 Fortis Green Rd, Muswell Hill, London N10 3HN, United Kingdom', 'geometry': {'location': {'lat': 51.5901627, 'lng': -0.1461606}, 'viewport': {'northeast': {'lat': 51.59146907989272, 'lng': -0.1448771201072778}, 'southwest': {'lat': 51.58876942010728, 'lng': -0.1475767798927222}}}, 'name': "GAIL's Bakery Muswell Hill", 'place_id': 'ChIJ6_B1DkEbdkgRJ4LV0gHcFLo'}], 'status': 'OK'}
2024-07-15 09:39:22,249 - __cloud_api_connector__:DEBUG - Places API call successful: {'candidates': [{'formatted_address': '70 Fortis Green Rd, Muswell Hill, London N10 3HN, United Kingdom', 'geometry': {'location': {'lat': 51.5901627, 'lng': -0.1461606}, 'viewport': {'northeast': {'lat': 51.59146907989272, 'lng': -0.1448771201072778}, 'southwest': {'lat': 51.58876942010728, 'lng': -0.1475767798927222}}}, 'name': "GAIL's Bakery Muswell Hill", 'place_id': 'ChIJ6_B1DkEbdkgRJ4LV0gHcFLo'}], 'status': 'OK'}
2024-07-15 09:39:22,760 - __cloud_api_connector__:INFO - GET request successful
2024-07-15 09:39:22,760 - __cloud_api_connector__:DEBUG - {'candidates': [{'formatted_address': '390 Muswell Hill Broadway, Muswell Hill, London N10 1DJ, United Kingdom', 'geometry': {'location': {'lat': 51.5917042, 'lng': -0.1426118}, 'viewport': {'northeast': {'lat': 51.59301617989271, 'lng': -0.1413486701072778}, 'southwest': {'lat': 51.59031652010727, 'lng': -0.1440483298927222}}}, 'name': 'Little Waitrose & Partners', 'place_id': 'ChIJYyrz2ywadkgRotM8qlf7k8E'}], 'status': 'OK'}
2024-07-15 09:39:22,761 - __cloud_api_connector__:DEBUG - Places API call successful: {'candidates': [{'formatted_address': '390 Muswell Hill Broadway, Muswell Hill, London N10 1DJ, United Kingdom', 'geometry': {'location': {'lat': 51.5917042, 'lng': -0.1426118}, 'viewport': {'northeast': {'lat': 51.59301617989271, 'lng': -0.1413486701072778}, 'southwest': {'lat': 51.59031652010727, 'lng': -0.1440483298927222}}}, 'name': 'Little Waitrose & Partners', 'place_id': 'ChIJYyrz2ywadkgRotM8qlf7k8E'}], 'status': 'OK'}
2024-07-15 09:39:22,831 - __cloud_api_connector__:INFO - GET request successful
2024-07-15 09:39:22,831 - __cloud_api_connector__:DEBUG - {'candidates': [], 'error_message': 'API keys with referer restrictions cannot be used with this API.', 'status': 'REQUEST_DENIED'}
2024-07-15 09:39:22,832 - __cloud_api_connector__:DEBUG - Places API call successful: {'candidates': [], 'error_message': 'API keys with referer restrictions cannot be used with this API.', 'status': 'REQUEST_DENIED'}
2024-07-15 09:40:08,836 - __cloud_api_connector__:INFO - GET request successful
2024-07-15 09:40:08,836 - __cloud_api_connector__:DEBUG - {'candidates': [{'formatted_address': '70 Onslow Gardens, London N10 3JX, UK', 'geometry': {'location': {'lat': 51.5843602, 'lng': -0.142399}, 'viewport': {'northeast': {'lat': 51.58562652989272, 'lng': -0.1410450701072778}, 'southwest': {'lat': 51.58292687010728, 'lng': -0.1437447298927222}}}, 'name': '70 Onslow Gardens', 'place_id': 'ChIJZ5fKRjMadkgRwv2LGj2j4lY'}], 'status': 'OK'}
2024-07-15 09:40:08,836 - __cloud_api_connector__:DEBUG - Places API call successful: {'candidates': [{'formatted_address': '70 Onslow Gardens, London N10 3JX, UK', 'geometry': {'location': {'lat': 51.5843602, 'lng': -0.142399}, 'viewport': {'northeast': {'lat': 51.58562652989272, 'lng': -0.1410450701072778}, 'southwest': {'lat': 51.58292687010728, 'lng': -0.1437447298927222}}}, 'name': '70 Onslow Gardens', 'place_id': 'ChIJZ5fKRjMadkgRwv2LGj2j4lY'}], 'status': 'OK'}
2024-07-15 09:40:08,897 - __cloud_api_connector__:INFO - GET request successful
2024-07-15 09:40:08,897 - __cloud_api_connector__:DEBUG - {'candidates': [{'formatted_address': '70 Fortis Green Rd, Muswell Hill, London N10 3HN, United Kingdom', 'geometry': {'location': {'lat': 51.5901627, 'lng': -0.1461606}, 'viewport': {'northeast': {'lat': 51.59146907989272, 'lng': -0.1448771201072778}, 'southwest': {'lat': 51.58876942010728, 'lng': -0.1475767798927222}}}, 'name': "GAIL's Bakery Muswell Hill", 'place_id': 'ChIJ6_B1DkEbdkgRJ4LV0gHcFLo'}], 'status': 'OK'}
2024-07-15 09:40:08,898 - __cloud_api_connector__:DEBUG - Places API call successful: {'candidates': [{'formatted_address': '70 Fortis Green Rd, Muswell Hill, London N10 3HN, United Kingdom', 'geometry': {'location': {'lat': 51.5901627, 'lng': -0.1461606}, 'viewport': {'northeast': {'lat': 51.59146907989272, 'lng': -0.1448771201072778}, 'southwest': {'lat': 51.58876942010728, 'lng': -0.1475767798927222}}}, 'name': "GAIL's Bakery Muswell Hill", 'place_id': 'ChIJ6_B1DkEbdkgRJ4LV0gHcFLo'}], 'status': 'OK'}
2024-07-15 09:40:08,959 - __cloud_api_connector__:INFO - GET request successful
2024-07-15 09:40:08,959 - __cloud_api_connector__:DEBUG - {'candidates': [{'formatted_address': '390 Muswell Hill Broadway, Muswell Hill, London N10 1DJ, United Kingdom', 'geometry': {'location': {'lat': 51.5917042, 'lng': -0.1426118}, 'viewport': {'northeast': {'lat': 51.59301617989271, 'lng': -0.1413486701072778}, 'southwest': {'lat': 51.59031652010727, 'lng': -0.1440483298927222}}}, 'name': 'Little Waitrose & Partners', 'place_id': 'ChIJYyrz2ywadkgRotM8qlf7k8E'}], 'status': 'OK'}
2024-07-15 09:40:08,960 - __cloud_api_connector__:DEBUG - Places API call successful: {'candidates': [{'formatted_address': '390 Muswell Hill Broadway, Muswell Hill, London N10 1DJ, United Kingdom', 'geometry': {'location': {'lat': 51.5917042, 'lng': -0.1426118}, 'viewport': {'northeast': {'lat': 51.59301617989271, 'lng': -0.1413486701072778}, 'southwest': {'lat': 51.59031652010727, 'lng': -0.1440483298927222}}}, 'name': 'Little Waitrose & Partners', 'place_id': 'ChIJYyrz2ywadkgRotM8qlf7k8E'}], 'status': 'OK'}
2024-07-15 09:40:09,033 - __cloud_api_connector__:INFO - GET request successful
2024-07-15 09:40:09,033 - __cloud_api_connector__:DEBUG - {'candidates': [], 'error_message': 'API keys with referer restrictions cannot be used with this API.', 'status': 'REQUEST_DENIED'}
2024-07-15 09:40:09,034 - __cloud_api_connector__:DEBUG - Places API call successful: {'candidates': [], 'error_message': 'API keys with referer restrictions cannot be used with this API.', 'status': 'REQUEST_DENIED'}
